C51 COMPILER V9.60.0.0   DELAY                                                             01/19/2021 10:55:46 PAGE 1   


C51 COMPILER V9.60.0.0, COMPILATION OF MODULE DELAY
OBJECT MODULE PLACED IN .\Objects\delay.obj
COMPILER INVOKED BY: C:\Keil_v5\C51\BIN\C51.EXE ..\Driver\delay.c LARGE OPTIMIZE(8,SPEED) BROWSE INCDIR(..\App;..\Mid;..
                    -\Driver;..\Utilities;..\Common) DEFINE(FOSC_160000) DEBUG OBJECTEXTEND PRINT(.\delay.lst) TABS(2) OBJECT(.\Objects\delay
                    -.obj)

line level    source

   1          /*
   2           * Copyright (c) 2021
   3           * Team, JSC.
   4           * All Rights Reserved
   5           *
   6           *
   7           * Description:
   8           *
   9           * Author: Truongvv
  10           *
  11           * Last Changed By:  $Author: Truongvv $
  12           * Revision:         $Revision: 1.0 $
  13           * Last Changed:     $Date: x/x/xxxx $
  14           */
  15          #include "N76E003.h"
  16          #include "SFR_Macro.h"
  17          #include "Function_Define.h"
  18          #include "delay.h"
  19          
  20          
  21          /**
  22           * @func   delay_ms
  23           * @brief  None
  24           * @param  
  25           * @retval None
  26           */
  27          void delay_ms (uint16_t value)
  28          {
  29   1        while(value)
  30   1          {
  31   2              delay_us(1000);
  32   2              value--;
  33   2          };
  34   1      }
  35          
  36          /**
  37           * @func   delay_us
  38           * @brief  None
  39           * @param  
  40           * @retval None
  41           */
  42          void delay_us (uint16_t value)
  43          {
  44   1        register uint16_t loops =  (uint16_t)(dly_const * value) ;
  45   1          
  46   1          while(loops)
  47   1          {
  48   2              _nop_();
  49   2              loops--;
  50   2          };
  51   1      }


C51 COMPILER V9.60.0.0   DELAY                                                             01/19/2021 10:55:46 PAGE 2   

MODULE INFORMATION:   STATIC OVERLAYABLE
   CODE SIZE        =     66    ----
   CONSTANT SIZE    =   ----    ----
   XDATA SIZE       =   ----       2
   PDATA SIZE       =   ----    ----
   DATA SIZE        =   ----    ----
   IDATA SIZE       =   ----    ----
   BIT SIZE         =   ----    ----
END OF MODULE INFORMATION.


C51 COMPILATION COMPLETE.  0 WARNING(S),  0 ERROR(S)
