C51 COMPILER V9.60.0.0   MAIN                                                              01/31/2021 11:14:45 PAGE 1   


C51 COMPILER V9.60.0.0, COMPILATION OF MODULE MAIN
OBJECT MODULE PLACED IN .\Objects\main.obj
COMPILER INVOKED BY: C:\Keil_v5\C51\BIN\C51.EXE ..\App\main.c LARGE OPTIMIZE(8,SPEED) BROWSE INCDIR(..\App;..\Mid;..\Dri
                    -ver;..\Utilities;..\Common) DEFINE(FOSC_160000) DEBUG OBJECTEXTEND PRINT(.\main.lst) TABS(2) OBJECT(.\Objects\main.obj)

line level    source

   1          /*
   2           * Copyright (c) 2021
   3           * Team, JSC.
   4           * All Rights Reserved
   5           *
   6           *
   7           * Description:
   8           *
   9           * Author: Truongvv
  10           *
  11           * Last Changed By:  $Author: Truongvv $
  12           * Revision:         $Revision: 1.0 $
  13           * Last Changed:     $Date: x/x/xxxx $
  14           */
  15          #include "N76E003.h"
  16          #include "SFR_Macro.h"
  17          #include "Function_Define.h"
  18          #include "main_init.h"
  19          #include "mainfunclist.h"
  20          
  21          /**
  22           * @func   main
  23           * @brief  None
  24           * @param  
  25           * @retval None
  26           */
  27          int main(void)
  28          {
  29   1          MAIN_Init();
  30   1          while(1)
  31   1        {
  32   2              MAIN_Proc();
  33   2              funcHandle_AllFlag();
  34   2          }
  35   1      }


MODULE INFORMATION:   STATIC OVERLAYABLE
   CODE SIZE        =     11    ----
   CONSTANT SIZE    =   ----    ----
   XDATA SIZE       =   ----    ----
   PDATA SIZE       =   ----    ----
   DATA SIZE        =   ----    ----
   IDATA SIZE       =   ----    ----
   BIT SIZE         =   ----    ----
END OF MODULE INFORMATION.


C51 COMPILATION COMPLETE.  0 WARNING(S),  0 ERROR(S)
