C51 COMPILER V9.60.0.0   MAIN_INIT                                                         01/31/2021 11:16:20 PAGE 1   


C51 COMPILER V9.60.0.0, COMPILATION OF MODULE MAIN_INIT
OBJECT MODULE PLACED IN .\Objects\main_init.obj
COMPILER INVOKED BY: C:\Keil_v5\C51\BIN\C51.EXE ..\App\main_init.c LARGE OPTIMIZE(8,SPEED) BROWSE INCDIR(..\App;..\Mid;.
                    -.\Driver;..\Utilities;..\Common) DEFINE(FOSC_160000) DEBUG OBJECTEXTEND PRINT(.\main_init.lst) TABS(2) OBJECT(.\Objects\
                    -main_init.obj)

line level    source

   1          /*
   2           *      main_init.c
   3           *
   4           *      Created on: Dec 25, 2020
   5           *      Author: Truong VV
   6           */
   7          
   8          #include "N76E003.h"
   9          #include "SFR_Macro.h"
  10          #include "Function_Define.h"
  11          #include "tick.h"
  12          #include "main_init.h"
  13          #include "Irf.h"
  14          #include "motor.h"
  15          #include "relay.h"
  16          #include "floor.h"
  17          
  18          /******************************************************************************/
  19          /*                              DECLARE                                      */
  20          /******************************************************************************/
  21          
  22          /******************************************************************************/
  23          /*                              FUNCTION                                      */
  24          /******************************************************************************/
  25          /**
  26           * @func    main_Init
  27           * @brief   None
  28           * @param   None
  29           */
  30          void MAIN_Init(void)
  31          {
  32   1          MOTOR_Config();
  33   1          RELAY_Config();
  34   1          MOTOR_Init(DEFAULTSPEEP);
  35   1          FLOOR_Init();
*** WARNING C206 IN LINE 35 OF ..\App\main_init.c: 'FLOOR_Init': missing function-prototype
  36   1          TICK_Init();
  37   1          IRF_Init();
  38   1          ENABLE_AllInterrupt();
  39   1      }
  40          
  41          /**
  42           * @func    MAIN_Proc
  43           * @brief   None
  44           * @param   None
  45           */
  46          void MAIN_Proc(void)
  47          {
  48   1          IRF_Proc(); 
  49   1      }


MODULE INFORMATION:   STATIC OVERLAYABLE
C51 COMPILER V9.60.0.0   MAIN_INIT                                                         01/31/2021 11:16:20 PAGE 2   

   CODE SIZE        =     28    ----
   CONSTANT SIZE    =   ----    ----
   XDATA SIZE       =   ----    ----
   PDATA SIZE       =   ----    ----
   DATA SIZE        =   ----    ----
   IDATA SIZE       =   ----    ----
   BIT SIZE         =   ----    ----
END OF MODULE INFORMATION.


C51 COMPILATION COMPLETE.  1 WARNING(S),  0 ERROR(S)
