C51 COMPILER V9.60.0.0   MOTOR                                                             01/19/2021 10:55:47 PAGE 1   


C51 COMPILER V9.60.0.0, COMPILATION OF MODULE MOTOR
OBJECT MODULE PLACED IN .\Objects\motor.obj
COMPILER INVOKED BY: C:\Keil_v5\C51\BIN\C51.EXE ..\Mid\motor.c LARGE OPTIMIZE(8,SPEED) BROWSE INCDIR(..\App;..\Mid;..\Dr
                    -iver;..\Utilities;..\Common) DEFINE(FOSC_160000) DEBUG OBJECTEXTEND PRINT(.\motor.lst) TABS(2) OBJECT(.\Objects\motor.ob
                    -j)

line level    source

   1          /*
   2           *  motor.c
   3           *
   4           *  Created on: Dec 25, 2020
   5           *      Author: Truong VV
   6           */
   7          
   8          #include "N76E003.h"
   9          #include "SFR_Macro.h"
  10          #include "Function_Define.h"
  11          #include "motor.h"
  12          #include "pwm.h"
  13          #include "delay.h"
  14          
  15          /******************************************************************************/
  16          /*                              FUNCTION                                      */
  17          /******************************************************************************/
  18          
  19          /**
  20           * @func    MOTOR_Config
  21           * @brief   None
  22           * @param   None
  23           */
  24          void MOTOR_Config(void)
  25          {
  26   1          PWM_PinInit();
  27   1          delay_ms(500);
  28   1      }
  29          /**
  30           * @func    MOTOR_Init
  31           * @brief   None
  32           * @param   None
  33           */
  34          void MOTOR_Init(uint16_t defaultSpeed)
  35          {
  36   1          PWM_Init();
  37   1          PWM_CreatedPeriodDuty(defaultSpeed);
  38   1      }
  39          /**
  40           * @func    MOTOR_GetCurrentSpeed
  41           * @brief   None
  42           * @param   None
  43           */
  44          uint16_t MOTOR_GetCurrentSpeed(void)
  45          {
  46   1          return 0;
  47   1      }
  48          /**
  49           * @func    MOTOR_Start
  50           * @brief   None
  51           * @param   None
  52           */
  53          void MOTOR_Start(uint16_t currentSpeed, uint16_t desiredSpeed)
C51 COMPILER V9.60.0.0   MOTOR                                                             01/19/2021 10:55:47 PAGE 2   

  54          {
  55   1      
  56   1      }
*** WARNING C280 IN LINE 53 OF ..\Mid\motor.c: 'currentSpeed': unreferenced local variable
*** WARNING C280 IN LINE 53 OF ..\Mid\motor.c: 'desiredSpeed': unreferenced local variable
  57          /**
  58           * @func    MOTOR_Stop
  59           * @brief   None
  60           * @param   None
  61           */
  62          void MOTOR_Stop(uint16_t currentSpeed, uint16_t desiredSpeed)
  63          {
  64   1      
  65   1      }
*** WARNING C280 IN LINE 62 OF ..\Mid\motor.c: 'currentSpeed': unreferenced local variable
*** WARNING C280 IN LINE 62 OF ..\Mid\motor.c: 'desiredSpeed': unreferenced local variable


MODULE INFORMATION:   STATIC OVERLAYABLE
   CODE SIZE        =     69    ----
   CONSTANT SIZE    =   ----    ----
   XDATA SIZE       =   ----      10
   PDATA SIZE       =   ----    ----
   DATA SIZE        =   ----    ----
   IDATA SIZE       =   ----    ----
   BIT SIZE         =   ----    ----
END OF MODULE INFORMATION.


C51 COMPILATION COMPLETE.  4 WARNING(S),  0 ERROR(S)
