C51 COMPILER V9.60.0.0   QUEUE                                                             01/19/2021 10:55:48 PAGE 1   


C51 COMPILER V9.60.0.0, COMPILATION OF MODULE QUEUE
OBJECT MODULE PLACED IN .\Objects\queue.obj
COMPILER INVOKED BY: C:\Keil_v5\C51\BIN\C51.EXE ..\Utilities\queue.c LARGE OPTIMIZE(8,SPEED) BROWSE INCDIR(..\App;..\Mid
                    -;..\Driver;..\Utilities;..\Common) DEFINE(FOSC_160000) DEBUG OBJECTEXTEND PRINT(.\queue.lst) TABS(2) OBJECT(.\Objects\qu
                    -eue.obj)

line level    source

   1          /*
   2           *  queue.c
   3           *
   4           *  Created on: Dec 25, 2020
   5           *      Author: Truong VV
   6           */
   7          
   8          #include "N76E003.h"
   9          #include "SFR_Macro.h"
  10          #include "Function_Define.h"
  11          #include "string.h"
  12          #include "queue.h"
  13          
  14          /******************************************************************************/
  15          /*                              FUNCTION                                      */
  16          /******************************************************************************/
  17          
  18           /*!
  19           * @brief functions QUEUE_Init.
  20           *
  21           */
  22          void  QUEUE_Init(QUEUEx_t *q,u8* buffer,u8 queue_size, u8 element_size)
  23          {
  24   1          q->in = 0;
  25   1          q->out = 0;
  26   1          q->count = 0;
  27   1          q->element_size = element_size;
  28   1          q->queue_size = queue_size;
  29   1          q->p = buffer;
  30   1      }
  31          
  32           /*!
  33           * @brief functions QUEUE_Push.
  34           *
  35           */
  36          u8    QUEUE_Push(QUEUEx_t *q,u8* buffer)
  37          {
  38   1          if(QUEUE_Count(q)>=q->queue_size)
  39   1          {       
  40   2              if(q->out>=((q->element_size)*(q->queue_size)))
  41   2              {
  42   3                  q->out=0;
  43   3              }
  44   2      
  45   2              q->out+=q->element_size;        
  46   2              q->count--;
  47   2          }
  48   1      
  49   1          if(q->in>=((q->element_size)*(q->queue_size)))
  50   1          {
  51   2              q->in=0;
  52   2          }
  53   1      
C51 COMPILER V9.60.0.0   QUEUE                                                             01/19/2021 10:55:48 PAGE 2   

  54   1          memcpy((u8*)&(q->p[q->in]),(u8*)buffer,q->element_size);
  55   1          q->in +=q->element_size;
  56   1      
  57   1          q->count++;
  58   1      
  59   1          return 1;
  60   1      }
  61          
  62           /*!
  63           * @brief functions QUEUE_Get.
  64           *
  65           */
  66          u8    QUEUE_Get(QUEUEx_t *q, u8* buffer)
  67          {
  68   1          if(QUEUE_Count(q))
  69   1          {
  70   2              if(q->out>=((q->element_size)*(q->queue_size)))
  71   2              {
  72   3                  q->out=0;
  73   3              }
  74   2      
  75   2              memcpy((u8*)buffer,(u8*)&(q->p[q->out]),q->element_size);
  76   2              q->out+=q->element_size;        
  77   2              q->count--;
  78   2      
  79   2              return 1;
  80   2          }
  81   1      
  82   1          return 0;
  83   1      }
  84          
  85           /*!
  86           * @brief functions QUEUE_Empty.
  87           *
  88           */
  89          u8    QUEUE_Empty(QUEUEx_t *q)
  90          {
  91   1          if(q->count)
  92   1          {
  93   2              return 0;
  94   2          }
  95   1          return 1;
  96   1      }
  97          
  98           /*!
  99           * @brief functions QUEUE_Count.
 100           *
 101           */
 102          u8    QUEUE_Count(QUEUEx_t *q)
 103          {
 104   1          return q->count;
 105   1      }


MODULE INFORMATION:   STATIC OVERLAYABLE
   CODE SIZE        =    564    ----
   CONSTANT SIZE    =   ----    ----
   XDATA SIZE       =   ----      20
   PDATA SIZE       =   ----    ----
   DATA SIZE        =   ----    ----
   IDATA SIZE       =   ----    ----
   BIT SIZE         =   ----    ----
C51 COMPILER V9.60.0.0   QUEUE                                                             01/19/2021 10:55:48 PAGE 3   

END OF MODULE INFORMATION.


C51 COMPILATION COMPLETE.  0 WARNING(S),  0 ERROR(S)
