C51 COMPILER V9.60.0.0   RELAY                                                             01/19/2021 10:55:47 PAGE 1   


C51 COMPILER V9.60.0.0, COMPILATION OF MODULE RELAY
OBJECT MODULE PLACED IN .\Objects\relay.obj
COMPILER INVOKED BY: C:\Keil_v5\C51\BIN\C51.EXE ..\Mid\relay.c LARGE OPTIMIZE(8,SPEED) BROWSE INCDIR(..\App;..\Mid;..\Dr
                    -iver;..\Utilities;..\Common) DEFINE(FOSC_160000) DEBUG OBJECTEXTEND PRINT(.\relay.lst) TABS(2) OBJECT(.\Objects\relay.ob
                    -j)

line level    source

   1          /*
   2           *  relay.c
   3           *
   4           *  Created on: Dec 25, 2020
   5           *      Author: Truong VV
   6           */
   7          
   8          #include "N76E003.h"
   9          #include "SFR_Macro.h"
  10          #include "Function_Define.h"
  11          #include "relay.h"
  12          
  13          /******************************************************************************/
  14          /*                              FUNCTION                                      */
  15          /******************************************************************************/
  16          
  17          /**
  18           * @func    RELAY_Config
  19           * @brief   None
  20           * @param   None
  21           */
  22          void RELAY_Config (void)
  23          {
  24   1          RELAYAC_Init();
  25   1          RELAYUP_Init();
  26   1          RELAYDOWN_Init();
  27   1          ResetBit(RELAY_AC_PORT, RELAY_AC_PIN);
  28   1          ResetBit(RELAY_UPDOWN_PORT, RELAY_UP_PIN);
  29   1          ResetBit(RELAY_UPDOWN_PORT, RELAY_DOWN_PIN);
  30   1      }
  31          
  32          /**
  33           * @func    RELAY_AC
  34           * @brief   None
  35           * @param   None
  36           */
  37          void RELAY_AC(uint8_t state)
  38          {
  39   1          if(state == ON)
  40   1          {
  41   2              SetBit(RELAY_AC_PORT, RELAY_AC_PIN);
  42   2          }else
  43   1          {
  44   2              ResetBit(RELAY_AC_PORT, RELAY_AC_PIN);
  45   2          }
  46   1          
  47   1      }
  48          
  49          /**
  50           * @func    RELAY_Up
  51           * @brief   None
  52           * @param   None
  53           */
C51 COMPILER V9.60.0.0   RELAY                                                             01/19/2021 10:55:47 PAGE 2   

  54          void RELAY_Up(void)
  55          {
  56   1          SetBit(RELAY_UPDOWN_PORT, RELAY_UP_PIN);
  57   1      }
  58          
  59          /**
  60           * @func    RELAY_UpReset
  61           * @brief   None
  62           * @param   None
  63           */
  64          void RELAY_UpReset(void)
  65          {
  66   1          ResetBit(RELAY_UPDOWN_PORT, RELAY_UP_PIN);
  67   1      }
  68          
  69          /**
  70           * @func    RELAY_Down
  71           * @brief   None
  72           * @param   None
  73           */
  74          void RELAY_Down(void)
  75          {
  76   1          SetBit(RELAY_UPDOWN_PORT, RELAY_DOWN_PIN);
  77   1      }
  78          
  79          /**
  80           * @func    RELAY_DownReset
  81           * @brief   None
  82           * @param   None
  83           */
  84          void RELAY_DownReset(void)
  85          {
  86   1          ResetBit(RELAY_UPDOWN_PORT, RELAY_DOWN_PIN);
  87   1      }


MODULE INFORMATION:   STATIC OVERLAYABLE
   CODE SIZE        =     57    ----
   CONSTANT SIZE    =   ----    ----
   XDATA SIZE       =   ----    ----
   PDATA SIZE       =   ----    ----
   DATA SIZE        =   ----    ----
   IDATA SIZE       =   ----    ----
   BIT SIZE         =   ----    ----
END OF MODULE INFORMATION.


C51 COMPILATION COMPLETE.  0 WARNING(S),  0 ERROR(S)
