C51 COMPILER V9.60.0.0   XOR                                                               01/31/2021 11:14:46 PAGE 1   


C51 COMPILER V9.60.0.0, COMPILATION OF MODULE XOR
OBJECT MODULE PLACED IN .\Objects\xor.obj
COMPILER INVOKED BY: C:\Keil_v5\C51\BIN\C51.EXE ..\Utilities\xor.c LARGE OPTIMIZE(8,SPEED) BROWSE INCDIR(..\App;..\Mid;.
                    -.\Driver;..\Utilities;..\Common) DEFINE(FOSC_160000) DEBUG OBJECTEXTEND PRINT(.\xor.lst) TABS(2) OBJECT(.\Objects\xor.ob
                    -j)

line level    source

   1          /*
   2           *  xor.c
   3           *
   4           *  Created on: Dec 25, 2020
   5           *      Author: Truong VV
   6           */
   7          
   8          #include "N76E003.h"
   9          #include "SFR_Macro.h"
  10          #include "Function_Define.h"
  11          #include "xor.h"
*** WARNING C318 IN LINE 13 OF ..\Utilities\xor.h: can't open file 'stdint.h'
  12          
  13          /******************************************************************************/
  14          /*                              FUNCTION                                      */
  15          /******************************************************************************/
  16          
  17          u8 XOR_Caculator(uint8_t* buffer, uint8_t ofset, uint16_t length)
  18          {
  19   1          u8 result = 0;
  20   1        u8 i = 0;
  21   1          for(i = ofset; i < length; i++)
  22   1          {
  23   2              result ^= buffer[i];
  24   2          }
  25   1          return result;
  26   1      }


MODULE INFORMATION:   STATIC OVERLAYABLE
   CODE SIZE        =     86    ----
   CONSTANT SIZE    =   ----    ----
   XDATA SIZE       =   ----       8
   PDATA SIZE       =   ----    ----
   DATA SIZE        =   ----    ----
   IDATA SIZE       =   ----    ----
   BIT SIZE         =   ----    ----
END OF MODULE INFORMATION.


C51 COMPILATION COMPLETE.  1 WARNING(S),  0 ERROR(S)
