C51 COMPILER V9.60.0.0   MAIN                                                              01/07/2021 20:27:43 PAGE 1   


C51 COMPILER V9.60.0.0, COMPILATION OF MODULE MAIN
OBJECT MODULE PLACED IN .\Objects\main.obj
COMPILER INVOKED BY: C:\Keil_v5\C51\BIN\C51.EXE ..\App\main.c OPTIMIZE(8,SPEED) BROWSE INCDIR(..\Common;..\Driver;..Mid\
                    -Irf) DEFINE(FOSC_160000) DEBUG OBJECTEXTEND PRINT(.\Listings\main.lst) TABS(2) OBJECT(.\Objects\main.obj)

line level    source

   1          /*
   2           * Copyright (c) 2021
   3           * Team, JSC.
   4           * All Rights Reserved
   5           *
   6           *
   7           * Description:
   8           *
   9           * Author: Truongvv
  10           *
  11           * Last Changed By:  $Author: Truongvv $
  12           * Revision:         $Revision: 1.0 $
  13           * Last Changed:     $Date: x/x/xxxx $
  14           */
  15          #include "N76E003.h"
  16          #include "SFR_Macro.h"
  17          #include "Function_Define.h"
  18          
  19          int main(void)
  20          {
  21   1          while(1)
  22   1          {
  23   2              
  24   2          }
  25   1      }
  26          


MODULE INFORMATION:   STATIC OVERLAYABLE
   CODE SIZE        =      2    ----
   CONSTANT SIZE    =   ----    ----
   XDATA SIZE       =   ----    ----
   PDATA SIZE       =   ----    ----
   DATA SIZE        =   ----    ----
   IDATA SIZE       =   ----    ----
   BIT SIZE         =   ----    ----
END OF MODULE INFORMATION.


C51 COMPILATION COMPLETE.  0 WARNING(S),  0 ERROR(S)
