C51 COMPILER V9.60.0.0   PWM                                                               01/07/2021 20:27:44 PAGE 1   


C51 COMPILER V9.60.0.0, COMPILATION OF MODULE PWM
OBJECT MODULE PLACED IN .\Objects\pwm.obj
COMPILER INVOKED BY: C:\Keil_v5\C51\BIN\C51.EXE ..\Driver\pwm.c OPTIMIZE(8,SPEED) BROWSE INCDIR(..\Common;..\Driver;..Mi
                    -d\Irf) DEFINE(FOSC_160000) DEBUG OBJECTEXTEND PRINT(.\Listings\pwm.lst) TABS(2) OBJECT(.\Objects\pwm.obj)

line level    source

   1          /*
   2           * Copyright (c) 2021
   3           * Team, JSC.
   4           * All Rights Reserved
   5           *
   6           *
   7           * Description:
   8           *
   9           * Author: Truongvv
  10           *
  11           * Last Changed By:  $Author: Truongvv $
  12           * Revision:         $Revision: 1.0 $
  13           * Last Changed:     $Date: x/x/xxxx $
  14           */
  15          #include "N76E003.h"
  16          #include "SFR_Macro.h"
  17          #include "Function_Define.h"
  18          #include "pwm.h"
  19          #include "delay.h"
  20          
  21          /**
  22           * @func   PWM_Init
  23           * @brief  None
  24           * @param  
  25           * @retval None
  26           */
  27          void PWM_Init (void)
  28          {
  29   1          PIOCON0 |= (1 << 2); // P10 is pin PWM output
  30   1          PWMCON0 |= (1 << 4); // Clear PWM 16BIT COUNTER
  31   1          CKCON &= ~(1 << 6); // Clock PWM is Clock SYS
  32   1          PWMCON1 |= (1 << 2); // DIV Clock 16 = 1MH
  33   1      }
  34          
  35          /**
  36           * @func   PWM_CreatedPeriodDuty
  37           * @brief  None
  38           * @param  
  39           * @retval None
  40           */
  41          void PWM_CreatedPeriodDuty (uint16_t pwmDuty)
  42          {
  43   1          uint16_t vruiPwmDuty;
  44   1          PWMCON0 &= ~(1 << 7);
  45   1          vruiPwmDuty = (uint16_t) pwmDuty;
  46   1          PWMPL = 0xE7;
  47   1          PWMPH = 0x03; // period     1ms
  48   1          PWM2H = vruiPwmDuty >> 8; // DUTY 
  49   1          PWM2L = (vruiPwmDuty - PWM1H*256);
  50   1          PWMCON0 |= (1 << 7); // Start run
  51   1      }
  52          
  53          /**
  54           * @func   PWM_Stop
C51 COMPILER V9.60.0.0   PWM                                                               01/07/2021 20:27:44 PAGE 2   

  55           * @brief  None
  56           * @param  
  57           * @retval None
  58           */
  59          void PWM_Stop(uint16_t pwmDuty)
  60          {
  61   1        uint16_t i;
  62   1          for(i = pwmDuty; i < 1000; i=i+2)
  63   1          {
  64   2              PWM_CreatedPeriodDuty(i);
  65   2              delay_ms(100);      
  66   2          }
  67   1      }
  68          
  69          /**
  70           * @func   PWM_Start
  71           * @brief  None
  72           * @param  
  73           * @retval None
  74           */
  75          void PWM_Start(uint16_t pwmDuty)
  76          {
  77   1        uint16_t i;
  78   1          for(i = 999; i > pwmDuty; i=i-2)
  79   1          {
  80   2              PWM_CreatedPeriodDuty(i);
  81   2              delay_ms(100);      
  82   2          }
  83   1      
  84   1      }


MODULE INFORMATION:   STATIC OVERLAYABLE
   CODE SIZE        =    127    ----
   CONSTANT SIZE    =   ----    ----
   XDATA SIZE       =   ----    ----
   PDATA SIZE       =   ----    ----
   DATA SIZE        =   ----       6
   IDATA SIZE       =   ----    ----
   BIT SIZE         =   ----    ----
END OF MODULE INFORMATION.


C51 COMPILATION COMPLETE.  0 WARNING(S),  0 ERROR(S)
